# JRE version: OpenJDK Runtime Environment Temurin-21.0.8+9 (21.0.8+9) (build 21.0.8+9-LTS)
# Java VM: OpenJDK 64-Bit Server VM Temurin-21.0.8+9 (21.0.8+9-LTS, mixed mode, sharing, tiered, compressed oops, compressed class ptrs, parallel gc, windows-amd64)
GC Precious Log:
 CardTable entry size: 512
 CPUs: 12 total, 12 available
 Memory: 7518M
 Large Page Support: Disabled
 NUMA Support: Disabled
 Compressed Oops: Enabled (32-bit)
 Alignments: Space 512K, Generation 512K, Heap 2M
 Heap Min Capacity: 100M
 Heap Initial Capacity: 100M
 Heap Max Capacity: 2G
 Pre-touch: Disabled
 Parallel Workers: 10
Heap:
 PSYoungGen      total 6144K, used 5919K [0x00000000d5580000, 0x00000000d5d00000, 0x0000000100000000)
  eden space 4608K, 100% used [0x00000000d5580000,0x00000000d5a00000,0x00000000d5a00000)
  from space 1536K, 85% used [0x00000000d5a00000,0x00000000d5b47c60,0x00000000d5b80000)
  to   space 1536K, 95% used [0x00000000d5b80000,0x00000000d5ceec20,0x00000000d5d00000)
 ParOldGen       total 303104K, used 302772K [0x0000000080000000, 0x0000000092800000, 0x00000000d5580000)
  object space 303104K, 99% used [0x0000000080000000,0x00000000927ad2c0,0x0000000092800000)
 Metaspace       used 59726K, committed 61056K, reserved 1114112K
  class space    used 6339K, committed 6912K, reserved 1048576K
GC Heap History (20 events):
Event: 8.565 GC heap after
{Heap after GC invocations=348 (full 3):
 PSYoungGen      total 6656K, used 1412K [0x00000000d5580000, 0x00000000d5d80000, 0x0000000100000000)
  eden space 5120K, 0% used [0x00000000d5580000,0x00000000d5580000,0x00000000d5a80000)
  from space 1536K, 91% used [0x00000000d5b00000,0x00000000d5c61160,0x00000000d5c80000)
  to   space 1024K, 0% used [0x00000000d5c80000,0x00000000d5c80000,0x00000000d5d80000)
 ParOldGen       total 294400K, used 294094K [0x0000000080000000, 0x0000000091f80000, 0x00000000d5580000)
  object space 294400K, 99% used [0x0000000080000000,0x0000000091f33878,0x0000000091f80000)
 Metaspace       used 59602K, committed 60928K, reserved 1114112K
  class space    used 6339K, committed 6912K, reserved 1048576K
}
Event: 8.571 GC heap before
{Heap before GC invocations=349 (full 3):
 PSYoungGen      total 6656K, used 6532K [0x00000000d5580000, 0x00000000d5d80000, 0x0000000100000000)
  eden space 5120K, 100% used [0x00000000d5580000,0x00000000d5a80000,0x00000000d5a80000)
  from space 1536K, 91% used [0x00000000d5b00000,0x00000000d5c61160,0x00000000d5c80000)
  to   space 1024K, 0% used [0x00000000d5c80000,0x00000000d5c80000,0x00000000d5d80000)
 ParOldGen       total 294400K, used 294094K [0x0000000080000000, 0x0000000091f80000, 0x00000000d5580000)
  object space 294400K, 99% used [0x0000000080000000,0x0000000091f33878,0x0000000091f80000)
 Metaspace       used 59606K, committed 60928K, reserved 1114112K
  class space    used 6339K, committed 6912K, reserved 1048576K
}
Event: 8.573 GC heap after
{Heap after GC invocations=349 (full 3):
 PSYoungGen      total 5632K, used 996K [0x00000000d5580000, 0x00000000d5f80000, 0x0000000100000000)
  eden space 4608K, 0% used [0x00000000d5580000,0x00000000d5580000,0x00000000d5a00000)
  from space 1024K, 97% used [0x00000000d5c80000,0x00000000d5d79378,0x00000000d5d80000)
  to   space 2560K, 0% used [0x00000000d5a00000,0x00000000d5a00000,0x00000000d5c80000)
 ParOldGen       total 295424K, used 295253K [0x0000000080000000, 0x0000000092080000, 0x00000000d5580000)
  object space 295424K, 99% used [0x0000000080000000,0x0000000092055458,0x0000000092080000)
 Metaspace       used 59606K, committed 60928K, reserved 1114112K
  class space    used 6339K, committed 6912K, reserved 1048576K
}
Event: 8.581 GC heap before
{Heap before GC invocations=350 (full 3):
 PSYoungGen      total 5632K, used 5562K [0x00000000d5580000, 0x00000000d5f80000, 0x0000000100000000)
  eden space 4608K, 99% used [0x00000000d5580000,0x00000000d59f5538,0x00000000d5a00000)
  from space 1024K, 97% used [0x00000000d5c80000,0x00000000d5d79378,0x00000000d5d80000)
  to   space 2560K, 0% used [0x00000000d5a00000,0x00000000d5a00000,0x00000000d5c80000)
 ParOldGen       total 295424K, used 295253K [0x0000000080000000, 0x0000000092080000, 0x00000000d5580000)
  object space 295424K, 99% used [0x0000000080000000,0x0000000092055458,0x0000000092080000)
 Metaspace       used 59618K, committed 60928K, reserved 1114112K
  class space    used 6339K, committed 6912K, reserved 1048576K
}
Event: 8.582 GC heap after
{Heap after GC invocations=350 (full 3):
 PSYoungGen      total 6144K, used 1271K [0x00000000d5580000, 0x00000000d5e00000, 0x0000000100000000)
  eden space 4608K, 0% used [0x00000000d5580000,0x00000000d5580000,0x00000000d5a00000)
  from space 1536K, 82% used [0x00000000d5a00000,0x00000000d5b3def0,0x00000000d5b80000)
  to   space 2048K, 0% used [0x00000000d5c00000,0x00000000d5c00000,0x00000000d5e00000)
 ParOldGen       total 296448K, used 296072K [0x0000000080000000, 0x0000000092180000, 0x00000000d5580000)
  object space 296448K, 99% used [0x0000000080000000,0x0000000092122250,0x0000000092180000)
 Metaspace       used 59618K, committed 60928K, reserved 1114112K
  class space    used 6339K, committed 6912K, reserved 1048576K
}
Event: 8.587 GC heap before
{Heap before GC invocations=351 (full 3):
 PSYoungGen      total 6144K, used 5879K [0x00000000d5580000, 0x00000000d5e00000, 0x0000000100000000)
  eden space 4608K, 100% used [0x00000000d5580000,0x00000000d5a00000,0x00000000d5a00000)
  from space 1536K, 82% used [0x00000000d5a00000,0x00000000d5b3def0,0x00000000d5b80000)
  to   space 2048K, 0% used [0x00000000d5c00000,0x00000000d5c00000,0x00000000d5e00000)
 ParOldGen       total 296448K, used 296072K [0x0000000080000000, 0x0000000092180000, 0x00000000d5580000)
  object space 296448K, 99% used [0x0000000080000000,0x0000000092122250,0x0000000092180000)
 Metaspace       used 59633K, committed 60928K, reserved 1114112K
  class space    used 6339K, committed 6912K, reserved 1048576K
}
Event: 8.588 GC heap after
{Heap after GC invocations=351 (full 3):
 PSYoungGen      total 6144K, used 1361K [0x00000000d5580000, 0x00000000d5d80000, 0x0000000100000000)
  eden space 4608K, 0% used [0x00000000d5580000,0x00000000d5580000,0x00000000d5a00000)
  from space 1536K, 88% used [0x00000000d5c00000,0x00000000d5d546f8,0x00000000d5d80000)
  to   space 1536K, 0% used [0x00000000d5a00000,0x00000000d5a00000,0x00000000d5b80000)
 ParOldGen       total 297472K, used 297065K [0x0000000080000000, 0x0000000092280000, 0x00000000d5580000)
  object space 297472K, 99% used [0x0000000080000000,0x000000009221a5a0,0x0000000092280000)
 Metaspace       used 59633K, committed 60928K, reserved 1114112K
  class space    used 6339K, committed 6912K, reserved 1048576K
}
Event: 8.598 GC heap before
{Heap before GC invocations=352 (full 3):
 PSYoungGen      total 6144K, used 5969K [0x00000000d5580000, 0x00000000d5d80000, 0x0000000100000000)
  eden space 4608K, 100% used [0x00000000d5580000,0x00000000d5a00000,0x00000000d5a00000)
  from space 1536K, 88% used [0x00000000d5c00000,0x00000000d5d546f8,0x00000000d5d80000)
  to   space 1536K, 0% used [0x00000000d5a00000,0x00000000d5a00000,0x00000000d5b80000)
 ParOldGen       total 297472K, used 297065K [0x0000000080000000, 0x0000000092280000, 0x00000000d5580000)
  object space 297472K, 99% used [0x0000000080000000,0x000000009221a5a0,0x0000000092280000)
 Metaspace       used 59655K, committed 60992K, reserved 1114112K
  class space    used 6339K, committed 6912K, reserved 1048576K
}
Event: 8.599 GC heap after
{Heap after GC invocations=352 (full 3):
 PSYoungGen      total 6144K, used 1080K [0x00000000d5580000, 0x00000000d5d00000, 0x0000000100000000)
  eden space 4608K, 0% used [0x00000000d5580000,0x00000000d5580000,0x00000000d5a00000)
  from space 1536K, 70% used [0x00000000d5a00000,0x00000000d5b0e198,0x00000000d5b80000)
  to   space 1536K, 0% used [0x00000000d5b80000,0x00000000d5b80000,0x00000000d5d00000)
 ParOldGen       total 298496K, used 298098K [0x0000000080000000, 0x0000000092380000, 0x00000000d5580000)
  object space 298496K, 99% used [0x0000000080000000,0x000000009231c850,0x0000000092380000)
 Metaspace       used 59655K, committed 60992K, reserved 1114112K
  class space    used 6339K, committed 6912K, reserved 1048576K
}
Event: 8.603 GC heap before
{Heap before GC invocations=353 (full 3):
 PSYoungGen      total 6144K, used 5614K [0x00000000d5580000, 0x00000000d5d00000, 0x0000000100000000)
  eden space 4608K, 98% used [0x00000000d5580000,0x00000000d59ed9a8,0x00000000d5a00000)
  from space 1536K, 70% used [0x00000000d5a00000,0x00000000d5b0e198,0x00000000d5b80000)
  to   space 1536K, 0% used [0x00000000d5b80000,0x00000000d5b80000,0x00000000d5d00000)
 ParOldGen       total 298496K, used 298098K [0x0000000080000000, 0x0000000092380000, 0x00000000d5580000)
  object space 298496K, 99% used [0x0000000080000000,0x000000009231c850,0x0000000092380000)
 Metaspace       used 59666K, committed 61056K, reserved 1114112K
  class space    used 6339K, committed 6912K, reserved 1048576K
}
Event: 8.604 GC heap after
{Heap after GC invocations=353 (full 3):
 PSYoungGen      total 6144K, used 1355K [0x00000000d5580000, 0x00000000d5d00000, 0x0000000100000000)
  eden space 4608K, 0% used [0x00000000d5580000,0x00000000d5580000,0x00000000d5a00000)
  from space 1536K, 88% used [0x00000000d5b80000,0x00000000d5cd2ea8,0x00000000d5d00000)
  to   space 1536K, 0% used [0x00000000d5a00000,0x00000000d5a00000,0x00000000d5b80000)
 ParOldGen       total 299008K, used 298669K [0x0000000080000000, 0x0000000092400000, 0x00000000d5580000)
  object space 299008K, 99% used [0x0000000080000000,0x00000000923ab7e8,0x0000000092400000)
 Metaspace       used 59666K, committed 61056K, reserved 1114112K
  class space    used 6339K, committed 6912K, reserved 1048576K
}
Event: 8.609 GC heap before
{Heap before GC invocations=354 (full 3):
 PSYoungGen      total 6144K, used 5963K [0x00000000d5580000, 0x00000000d5d00000, 0x0000000100000000)
  eden space 4608K, 100% used [0x00000000d5580000,0x00000000d5a00000,0x00000000d5a00000)
  from space 1536K, 88% used [0x00000000d5b80000,0x00000000d5cd2ea8,0x00000000d5d00000)
  to   space 1536K, 0% used [0x00000000d5a00000,0x00000000d5a00000,0x00000000d5b80000)
 ParOldGen       total 299008K, used 298669K [0x0000000080000000, 0x0000000092400000, 0x00000000d5580000)
  object space 299008K, 99% used [0x0000000080000000,0x00000000923ab7e8,0x0000000092400000)
 Metaspace       used 59679K, committed 61056K, reserved 1114112K
  class space    used 6339K, committed 6912K, reserved 1048576K
}
Event: 8.611 GC heap after
{Heap after GC invocations=354 (full 3):
 PSYoungGen      total 6144K, used 1346K [0x00000000d5580000, 0x00000000d5d00000, 0x0000000100000000)
  eden space 4608K, 0% used [0x00000000d5580000,0x00000000d5580000,0x00000000d5a00000)
  from space 1536K, 87% used [0x00000000d5a00000,0x00000000d5b50b78,0x00000000d5b80000)
  to   space 1536K, 0% used [0x00000000d5b80000,0x00000000d5b80000,0x00000000d5d00000)
 ParOldGen       total 300032K, used 299876K [0x0000000080000000, 0x0000000092500000, 0x00000000d5580000)
  object space 300032K, 99% used [0x0000000080000000,0x00000000924d92a0,0x0000000092500000)
 Metaspace       used 59679K, committed 61056K, reserved 1114112K
  class space    used 6339K, committed 6912K, reserved 1048576K
}
Event: 8.617 GC heap before
{Heap before GC invocations=355 (full 3):
 PSYoungGen      total 6144K, used 5934K [0x00000000d5580000, 0x00000000d5d00000, 0x0000000100000000)
  eden space 4608K, 99% used [0x00000000d5580000,0x00000000d59faf58,0x00000000d5a00000)
  from space 1536K, 87% used [0x00000000d5a00000,0x00000000d5b50b78,0x00000000d5b80000)
  to   space 1536K, 0% used [0x00000000d5b80000,0x00000000d5b80000,0x00000000d5d00000)
 ParOldGen       total 300032K, used 299876K [0x0000000080000000, 0x0000000092500000, 0x00000000d5580000)
  object space 300032K, 99% used [0x0000000080000000,0x00000000924d92a0,0x0000000092500000)
 Metaspace       used 59691K, committed 61056K, reserved 1114112K
  class space    used 6339K, committed 6912K, reserved 1048576K
}
Event: 8.619 GC heap after
{Heap after GC invocations=355 (full 3):
 PSYoungGen      total 6144K, used 1246K [0x00000000d5580000, 0x00000000d5d00000, 0x0000000100000000)
  eden space 4608K, 0% used [0x00000000d5580000,0x00000000d5580000,0x00000000d5a00000)
  from space 1536K, 81% used [0x00000000d5b80000,0x00000000d5cb7840,0x00000000d5d00000)
  to   space 1536K, 0% used [0x00000000d5a00000,0x00000000d5a00000,0x00000000d5b80000)
 ParOldGen       total 301056K, used 300952K [0x0000000080000000, 0x0000000092600000, 0x00000000d5580000)
  object space 301056K, 99% used [0x0000000080000000,0x00000000925e6040,0x0000000092600000)
 Metaspace       used 59691K, committed 61056K, reserved 1114112K
  class space    used 6339K, committed 6912K, reserved 1048576K
}
Event: 8.623 GC heap before
{Heap before GC invocations=356 (full 3):
 PSYoungGen      total 6144K, used 5854K [0x00000000d5580000, 0x00000000d5d00000, 0x0000000100000000)
  eden space 4608K, 100% used [0x00000000d5580000,0x00000000d5a00000,0x00000000d5a00000)
  from space 1536K, 81% used [0x00000000d5b80000,0x00000000d5cb7840,0x00000000d5d00000)
  to   space 1536K, 0% used [0x00000000d5a00000,0x00000000d5a00000,0x00000000d5b80000)
 ParOldGen       total 301056K, used 300952K [0x0000000080000000, 0x0000000092600000, 0x00000000d5580000)
  object space 301056K, 99% used [0x0000000080000000,0x00000000925e6040,0x0000000092600000)
 Metaspace       used 59699K, committed 61056K, reserved 1114112K
  class space    used 6339K, committed 6912K, reserved 1048576K
}
Event: 8.625 GC heap after
{Heap after GC invocations=356 (full 3):
 PSYoungGen      total 6144K, used 1311K [0x00000000d5580000, 0x00000000d5d00000, 0x0000000100000000)
  eden space 4608K, 0% used [0x00000000d5580000,0x00000000d5580000,0x00000000d5a00000)
  from space 1536K, 85% used [0x00000000d5a00000,0x00000000d5b47c60,0x00000000d5b80000)
  to   space 1536K, 0% used [0x00000000d5b80000,0x00000000d5b80000,0x00000000d5d00000)
 ParOldGen       total 302080K, used 301834K [0x0000000080000000, 0x0000000092700000, 0x00000000d5580000)
  object space 302080K, 99% used [0x0000000080000000,0x00000000926c2b30,0x0000000092700000)
 Metaspace       used 59699K, committed 61056K, reserved 1114112K
  class space    used 6339K, committed 6912K, reserved 1048576K
}
Event: 8.632 GC heap before
{Heap before GC invocations=357 (full 3):
 PSYoungGen      total 6144K, used 5919K [0x00000000d5580000, 0x00000000d5d00000, 0x0000000100000000)
  eden space 4608K, 100% used [0x00000000d5580000,0x00000000d5a00000,0x00000000d5a00000)
  from space 1536K, 85% used [0x00000000d5a00000,0x00000000d5b47c60,0x00000000d5b80000)
  to   space 1536K, 0% used [0x00000000d5b80000,0x00000000d5b80000,0x00000000d5d00000)
 ParOldGen       total 302080K, used 301834K [0x0000000080000000, 0x0000000092700000, 0x00000000d5580000)
  object space 302080K, 99% used [0x0000000080000000,0x00000000926c2b30,0x0000000092700000)
 Metaspace       used 59726K, committed 61056K, reserved 1114112K
  class space    used 6339K, committed 6912K, reserved 1048576K
}
Event: 8.634 GC heap after
{Heap after GC invocations=357 (full 3):
 PSYoungGen      total 6144K, used 5919K [0x00000000d5580000, 0x00000000d5d00000, 0x0000000100000000)
  eden space 4608K, 100% used [0x00000000d5580000,0x00000000d5a00000,0x00000000d5a00000)
  from space 1536K, 85% used [0x00000000d5a00000,0x00000000d5b47c60,0x00000000d5b80000)
  to   space 1536K, 95% used [0x00000000d5b80000,0x00000000d5ceec20,0x00000000d5d00000)
 ParOldGen       total 303104K, used 302772K [0x0000000080000000, 0x0000000092800000, 0x00000000d5580000)
  object space 303104K, 99% used [0x0000000080000000,0x00000000927ad2c0,0x0000000092800000)
 Metaspace       used 59726K, committed 61056K, reserved 1114112K
  class space    used 6339K, committed 6912K, reserved 1048576K
}
Event: 8.634 GC heap before
{Heap before GC invocations=358 (full 4):
 PSYoungGen      total 6144K, used 5919K [0x00000000d5580000, 0x00000000d5d00000, 0x0000000100000000)
  eden space 4608K, 100% used [0x00000000d5580000,0x00000000d5a00000,0x00000000d5a00000)
  from space 1536K, 85% used [0x00000000d5a00000,0x00000000d5b47c60,0x00000000d5b80000)
  to   space 1536K, 95% used [0x00000000d5b80000,0x00000000d5ceec20,0x00000000d5d00000)
 ParOldGen       total 303104K, used 302772K [0x0000000080000000, 0x0000000092800000, 0x00000000d5580000)
  object space 303104K, 99% used [0x0000000080000000,0x00000000927ad2c0,0x0000000092800000)
 Metaspace       used 59726K, committed 61056K, reserved 1114112K
  class space    used 6339K, committed 6912K, reserved 1048576K
}

