# JRE version: OpenJDK Runtime Environment Temurin-21.0.8+9 (21.0.8+9) (build 21.0.8+9-LTS)
# Java VM: OpenJDK 64-Bit Server VM Temurin-21.0.8+9 (21.0.8+9-LTS, mixed mode, sharing, tiered, compressed oops, compressed class ptrs, parallel gc, windows-amd64)
GC Precious Log:
 CardTable entry size: 512
 CPUs: 12 total, 12 available
 Memory: 7518M
 Large Page Support: Disabled
 NUMA Support: Disabled
 Compressed Oops: Enabled (32-bit)
 Alignments: Space 512K, Generation 512K, Heap 2M
 Heap Min Capacity: 100M
 Heap Initial Capacity: 100M
 Heap Max Capacity: 2G
 Pre-touch: Disabled
 Parallel Workers: 10
Heap:
 PSYoungGen      total 5632K, used 5491K [0x00000000d5580000, 0x00000000d5c00000, 0x0000000100000000)
  eden space 4608K, 100% used [0x00000000d5580000,0x00000000d5a00000,0x00000000d5a00000)
  from space 1024K, 86% used [0x00000000d5a80000,0x00000000d5b5cd70,0x00000000d5b80000)
  to   space 512K, 96% used [0x00000000d5b80000,0x00000000d5bfb320,0x00000000d5c00000)
 ParOldGen       total 230400K, used 230041K [0x0000000080000000, 0x000000008e100000, 0x00000000d5580000)
  object space 230400K, 99% used [0x0000000080000000,0x000000008e0a6638,0x000000008e100000)
 Metaspace       used 57454K, committed 58880K, reserved 1114112K
  class space    used 6178K, committed 6848K, reserved 1048576K
GC Heap History (20 events):
Event: 6.826 GC heap after
{Heap after GC invocations=183 (full 2):
 PSYoungGen      total 6144K, used 1217K [0x00000000d5580000, 0x00000000d5d00000, 0x0000000100000000)
  eden space 4608K, 0% used [0x00000000d5580000,0x00000000d5580000,0x00000000d5a00000)
  from space 1536K, 79% used [0x00000000d5a00000,0x00000000d5b306d0,0x00000000d5b80000)
  to   space 1536K, 0% used [0x00000000d5b80000,0x00000000d5b80000,0x00000000d5d00000)
 ParOldGen       total 222720K, used 222379K [0x0000000080000000, 0x000000008d980000, 0x00000000d5580000)
  object space 222720K, 99% used [0x0000000080000000,0x000000008d92ae28,0x000000008d980000)
 Metaspace       used 57233K, committed 58624K, reserved 1114112K
  class space    used 6160K, committed 6784K, reserved 1048576K
}
Event: 6.847 GC heap before
{Heap before GC invocations=184 (full 2):
 PSYoungGen      total 6144K, used 5825K [0x00000000d5580000, 0x00000000d5d00000, 0x0000000100000000)
  eden space 4608K, 100% used [0x00000000d5580000,0x00000000d5a00000,0x00000000d5a00000)
  from space 1536K, 79% used [0x00000000d5a00000,0x00000000d5b306d0,0x00000000d5b80000)
  to   space 1536K, 0% used [0x00000000d5b80000,0x00000000d5b80000,0x00000000d5d00000)
 ParOldGen       total 222720K, used 222379K [0x0000000080000000, 0x000000008d980000, 0x00000000d5580000)
  object space 222720K, 99% used [0x0000000080000000,0x000000008d92ae28,0x000000008d980000)
 Metaspace       used 57308K, committed 58624K, reserved 1114112K
  class space    used 6166K, committed 6784K, reserved 1048576K
}
Event: 6.849 GC heap after
{Heap after GC invocations=184 (full 2):
 PSYoungGen      total 6144K, used 1201K [0x00000000d5580000, 0x00000000d5d00000, 0x0000000100000000)
  eden space 4608K, 0% used [0x00000000d5580000,0x00000000d5580000,0x00000000d5a00000)
  from space 1536K, 78% used [0x00000000d5b80000,0x00000000d5cac550,0x00000000d5d00000)
  to   space 1536K, 0% used [0x00000000d5a00000,0x00000000d5a00000,0x00000000d5b80000)
 ParOldGen       total 223744K, used 223409K [0x0000000080000000, 0x000000008da80000, 0x00000000d5580000)
  object space 223744K, 99% used [0x0000000080000000,0x000000008da2c560,0x000000008da80000)
 Metaspace       used 57308K, committed 58624K, reserved 1114112K
  class space    used 6166K, committed 6784K, reserved 1048576K
}
Event: 6.865 GC heap before
{Heap before GC invocations=185 (full 2):
 PSYoungGen      total 6144K, used 5782K [0x00000000d5580000, 0x00000000d5d00000, 0x0000000100000000)
  eden space 4608K, 99% used [0x00000000d5580000,0x00000000d59f92d8,0x00000000d5a00000)
  from space 1536K, 78% used [0x00000000d5b80000,0x00000000d5cac550,0x00000000d5d00000)
  to   space 1536K, 0% used [0x00000000d5a00000,0x00000000d5a00000,0x00000000d5b80000)
 ParOldGen       total 223744K, used 223409K [0x0000000080000000, 0x000000008da80000, 0x00000000d5580000)
  object space 223744K, 99% used [0x0000000080000000,0x000000008da2c560,0x000000008da80000)
 Metaspace       used 57377K, committed 58752K, reserved 1114112K
  class space    used 6172K, committed 6848K, reserved 1048576K
}
Event: 6.867 GC heap after
{Heap after GC invocations=185 (full 2):
 PSYoungGen      total 6144K, used 1110K [0x00000000d5580000, 0x00000000d5d00000, 0x0000000100000000)
  eden space 4608K, 0% used [0x00000000d5580000,0x00000000d5580000,0x00000000d5a00000)
  from space 1536K, 72% used [0x00000000d5a00000,0x00000000d5b15828,0x00000000d5b80000)
  to   space 1536K, 0% used [0x00000000d5b80000,0x00000000d5b80000,0x00000000d5d00000)
 ParOldGen       total 224768K, used 224424K [0x0000000080000000, 0x000000008db80000, 0x00000000d5580000)
  object space 224768K, 99% used [0x0000000080000000,0x000000008db2a2f0,0x000000008db80000)
 Metaspace       used 57377K, committed 58752K, reserved 1114112K
  class space    used 6172K, committed 6848K, reserved 1048576K
}
Event: 6.875 GC heap before
{Heap before GC invocations=186 (full 2):
 PSYoungGen      total 6144K, used 5718K [0x00000000d5580000, 0x00000000d5d00000, 0x0000000100000000)
  eden space 4608K, 100% used [0x00000000d5580000,0x00000000d5a00000,0x00000000d5a00000)
  from space 1536K, 72% used [0x00000000d5a00000,0x00000000d5b15828,0x00000000d5b80000)
  to   space 1536K, 0% used [0x00000000d5b80000,0x00000000d5b80000,0x00000000d5d00000)
 ParOldGen       total 224768K, used 224424K [0x0000000080000000, 0x000000008db80000, 0x00000000d5580000)
  object space 224768K, 99% used [0x0000000080000000,0x000000008db2a2f0,0x000000008db80000)
 Metaspace       used 57385K, committed 58816K, reserved 1114112K
  class space    used 6172K, committed 6848K, reserved 1048576K
}
Event: 6.877 GC heap after
{Heap after GC invocations=186 (full 2):
 PSYoungGen      total 5632K, used 924K [0x00000000d5580000, 0x00000000d5c80000, 0x0000000100000000)
  eden space 4608K, 0% used [0x00000000d5580000,0x00000000d5580000,0x00000000d5a00000)
  from space 1024K, 90% used [0x00000000d5b80000,0x00000000d5c67180,0x00000000d5c80000)
  to   space 1024K, 0% used [0x00000000d5a80000,0x00000000d5a80000,0x00000000d5b80000)
 ParOldGen       total 225792K, used 225399K [0x0000000080000000, 0x000000008dc80000, 0x00000000d5580000)
  object space 225792K, 99% used [0x0000000080000000,0x000000008dc1dfe0,0x000000008dc80000)
 Metaspace       used 57385K, committed 58816K, reserved 1114112K
  class space    used 6172K, committed 6848K, reserved 1048576K
}
Event: 6.888 GC heap before
{Heap before GC invocations=187 (full 2):
 PSYoungGen      total 5632K, used 5532K [0x00000000d5580000, 0x00000000d5c80000, 0x0000000100000000)
  eden space 4608K, 100% used [0x00000000d5580000,0x00000000d5a00000,0x00000000d5a00000)
  from space 1024K, 90% used [0x00000000d5b80000,0x00000000d5c67180,0x00000000d5c80000)
  to   space 1024K, 0% used [0x00000000d5a80000,0x00000000d5a80000,0x00000000d5b80000)
 ParOldGen       total 225792K, used 225399K [0x0000000080000000, 0x000000008dc80000, 0x00000000d5580000)
  object space 225792K, 99% used [0x0000000080000000,0x000000008dc1dfe0,0x000000008dc80000)
 Metaspace       used 57385K, committed 58816K, reserved 1114112K
  class space    used 6172K, committed 6848K, reserved 1048576K
}
Event: 6.889 GC heap after
{Heap after GC invocations=187 (full 2):
 PSYoungGen      total 5632K, used 933K [0x00000000d5580000, 0x00000000d5c00000, 0x0000000100000000)
  eden space 4608K, 0% used [0x00000000d5580000,0x00000000d5580000,0x00000000d5a00000)
  from space 1024K, 91% used [0x00000000d5a80000,0x00000000d5b695e8,0x00000000d5b80000)
  to   space 512K, 0% used [0x00000000d5b80000,0x00000000d5b80000,0x00000000d5c00000)
 ParOldGen       total 226304K, used 226196K [0x0000000080000000, 0x000000008dd00000, 0x00000000d5580000)
  object space 226304K, 99% used [0x0000000080000000,0x000000008dce5248,0x000000008dd00000)
 Metaspace       used 57385K, committed 58816K, reserved 1114112K
  class space    used 6172K, committed 6848K, reserved 1048576K
}
Event: 6.900 GC heap before
{Heap before GC invocations=188 (full 2):
 PSYoungGen      total 5632K, used 5541K [0x00000000d5580000, 0x00000000d5c00000, 0x0000000100000000)
  eden space 4608K, 100% used [0x00000000d5580000,0x00000000d5a00000,0x00000000d5a00000)
  from space 1024K, 91% used [0x00000000d5a80000,0x00000000d5b695e8,0x00000000d5b80000)
  to   space 512K, 0% used [0x00000000d5b80000,0x00000000d5b80000,0x00000000d5c00000)
 ParOldGen       total 226304K, used 226196K [0x0000000080000000, 0x000000008dd00000, 0x00000000d5580000)
  object space 226304K, 99% used [0x0000000080000000,0x000000008dce5248,0x000000008dd00000)
 Metaspace       used 57385K, committed 58816K, reserved 1114112K
  class space    used 6172K, committed 6848K, reserved 1048576K
}
Event: 6.901 GC heap after
{Heap after GC invocations=188 (full 2):
 PSYoungGen      total 5120K, used 500K [0x00000000d5580000, 0x00000000d5d00000, 0x0000000100000000)
  eden space 4608K, 0% used [0x00000000d5580000,0x00000000d5580000,0x00000000d5a00000)
  from space 512K, 97% used [0x00000000d5b80000,0x00000000d5bfd390,0x00000000d5c00000)
  to   space 1536K, 0% used [0x00000000d5a00000,0x00000000d5a00000,0x00000000d5b80000)
 ParOldGen       total 227328K, used 227114K [0x0000000080000000, 0x000000008de00000, 0x00000000d5580000)
  object space 227328K, 99% used [0x0000000080000000,0x000000008ddcabd8,0x000000008de00000)
 Metaspace       used 57385K, committed 58816K, reserved 1114112K
  class space    used 6172K, committed 6848K, reserved 1048576K
}
Event: 6.914 GC heap before
{Heap before GC invocations=189 (full 2):
 PSYoungGen      total 5120K, used 5100K [0x00000000d5580000, 0x00000000d5d00000, 0x0000000100000000)
  eden space 4608K, 99% used [0x00000000d5580000,0x00000000d59fdc88,0x00000000d5a00000)
  from space 512K, 97% used [0x00000000d5b80000,0x00000000d5bfd390,0x00000000d5c00000)
  to   space 1536K, 0% used [0x00000000d5a00000,0x00000000d5a00000,0x00000000d5b80000)
 ParOldGen       total 227328K, used 227114K [0x0000000080000000, 0x000000008de00000, 0x00000000d5580000)
  object space 227328K, 99% used [0x0000000080000000,0x000000008ddcabd8,0x000000008de00000)
 Metaspace       used 57395K, committed 58880K, reserved 1114112K
  class space    used 6172K, committed 6848K, reserved 1048576K
}
Event: 6.915 GC heap after
{Heap after GC invocations=189 (full 2):
 PSYoungGen      total 6144K, used 942K [0x00000000d5580000, 0x00000000d5d00000, 0x0000000100000000)
  eden space 4608K, 0% used [0x00000000d5580000,0x00000000d5580000,0x00000000d5a00000)
  from space 1536K, 61% used [0x00000000d5a00000,0x00000000d5aeba90,0x00000000d5b80000)
  to   space 1536K, 0% used [0x00000000d5b80000,0x00000000d5b80000,0x00000000d5d00000)
 ParOldGen       total 227840K, used 227629K [0x0000000080000000, 0x000000008de80000, 0x00000000d5580000)
  object space 227840K, 99% used [0x0000000080000000,0x000000008de4b440,0x000000008de80000)
 Metaspace       used 57395K, committed 58880K, reserved 1114112K
  class space    used 6172K, committed 6848K, reserved 1048576K
}
Event: 6.925 GC heap before
{Heap before GC invocations=190 (full 2):
 PSYoungGen      total 6144K, used 5550K [0x00000000d5580000, 0x00000000d5d00000, 0x0000000100000000)
  eden space 4608K, 100% used [0x00000000d5580000,0x00000000d5a00000,0x00000000d5a00000)
  from space 1536K, 61% used [0x00000000d5a00000,0x00000000d5aeba90,0x00000000d5b80000)
  to   space 1536K, 0% used [0x00000000d5b80000,0x00000000d5b80000,0x00000000d5d00000)
 ParOldGen       total 227840K, used 227629K [0x0000000080000000, 0x000000008de80000, 0x00000000d5580000)
  object space 227840K, 99% used [0x0000000080000000,0x000000008de4b440,0x000000008de80000)
 Metaspace       used 57409K, committed 58880K, reserved 1114112K
  class space    used 6172K, committed 6848K, reserved 1048576K
}
Event: 6.927 GC heap after
{Heap after GC invocations=190 (full 2):
 PSYoungGen      total 5632K, used 981K [0x00000000d5580000, 0x00000000d5c80000, 0x0000000100000000)
  eden space 4608K, 0% used [0x00000000d5580000,0x00000000d5580000,0x00000000d5a00000)
  from space 1024K, 95% used [0x00000000d5b80000,0x00000000d5c75468,0x00000000d5c80000)
  to   space 1024K, 0% used [0x00000000d5a80000,0x00000000d5a80000,0x00000000d5b80000)
 ParOldGen       total 228864K, used 228388K [0x0000000080000000, 0x000000008df80000, 0x00000000d5580000)
  object space 228864K, 99% used [0x0000000080000000,0x000000008df09070,0x000000008df80000)
 Metaspace       used 57409K, committed 58880K, reserved 1114112K
  class space    used 6172K, committed 6848K, reserved 1048576K
}
Event: 6.938 GC heap before
{Heap before GC invocations=191 (full 2):
 PSYoungGen      total 5632K, used 5589K [0x00000000d5580000, 0x00000000d5c80000, 0x0000000100000000)
  eden space 4608K, 100% used [0x00000000d5580000,0x00000000d5a00000,0x00000000d5a00000)
  from space 1024K, 95% used [0x00000000d5b80000,0x00000000d5c75468,0x00000000d5c80000)
  to   space 1024K, 0% used [0x00000000d5a80000,0x00000000d5a80000,0x00000000d5b80000)
 ParOldGen       total 228864K, used 228388K [0x0000000080000000, 0x000000008df80000, 0x00000000d5580000)
  object space 228864K, 99% used [0x0000000080000000,0x000000008df09070,0x000000008df80000)
 Metaspace       used 57427K, committed 58880K, reserved 1114112K
  class space    used 6172K, committed 6848K, reserved 1048576K
}
Event: 6.940 GC heap after
{Heap after GC invocations=191 (full 2):
 PSYoungGen      total 5632K, used 883K [0x00000000d5580000, 0x00000000d5c00000, 0x0000000100000000)
  eden space 4608K, 0% used [0x00000000d5580000,0x00000000d5580000,0x00000000d5a00000)
  from space 1024K, 86% used [0x00000000d5a80000,0x00000000d5b5cd70,0x00000000d5b80000)
  to   space 512K, 0% used [0x00000000d5b80000,0x00000000d5b80000,0x00000000d5c00000)
 ParOldGen       total 229376K, used 229119K [0x0000000080000000, 0x000000008e000000, 0x00000000d5580000)
  object space 229376K, 99% used [0x0000000080000000,0x000000008dfbffd0,0x000000008e000000)
 Metaspace       used 57427K, committed 58880K, reserved 1114112K
  class space    used 6172K, committed 6848K, reserved 1048576K
}
Event: 6.953 GC heap before
{Heap before GC invocations=192 (full 2):
 PSYoungGen      total 5632K, used 5491K [0x00000000d5580000, 0x00000000d5c00000, 0x0000000100000000)
  eden space 4608K, 100% used [0x00000000d5580000,0x00000000d5a00000,0x00000000d5a00000)
  from space 1024K, 86% used [0x00000000d5a80000,0x00000000d5b5cd70,0x00000000d5b80000)
  to   space 512K, 0% used [0x00000000d5b80000,0x00000000d5b80000,0x00000000d5c00000)
 ParOldGen       total 229376K, used 229119K [0x0000000080000000, 0x000000008e000000, 0x00000000d5580000)
  object space 229376K, 99% used [0x0000000080000000,0x000000008dfbffd0,0x000000008e000000)
 Metaspace       used 57454K, committed 58880K, reserved 1114112K
  class space    used 6178K, committed 6848K, reserved 1048576K
}
Event: 6.955 GC heap after
{Heap after GC invocations=192 (full 2):
 PSYoungGen      total 5632K, used 5491K [0x00000000d5580000, 0x00000000d5c00000, 0x0000000100000000)
  eden space 4608K, 100% used [0x00000000d5580000,0x00000000d5a00000,0x00000000d5a00000)
  from space 1024K, 86% used [0x00000000d5a80000,0x00000000d5b5cd70,0x00000000d5b80000)
  to   space 512K, 96% used [0x00000000d5b80000,0x00000000d5bfb320,0x00000000d5c00000)
 ParOldGen       total 230400K, used 230041K [0x0000000080000000, 0x000000008e100000, 0x00000000d5580000)
  object space 230400K, 99% used [0x0000000080000000,0x000000008e0a6638,0x000000008e100000)
 Metaspace       used 57454K, committed 58880K, reserved 1114112K
  class space    used 6178K, committed 6848K, reserved 1048576K
}
Event: 6.955 GC heap before
{Heap before GC invocations=193 (full 3):
 PSYoungGen      total 5632K, used 5491K [0x00000000d5580000, 0x00000000d5c00000, 0x0000000100000000)
  eden space 4608K, 100% used [0x00000000d5580000,0x00000000d5a00000,0x00000000d5a00000)
  from space 1024K, 86% used [0x00000000d5a80000,0x00000000d5b5cd70,0x00000000d5b80000)
  to   space 512K, 96% used [0x00000000d5b80000,0x00000000d5bfb320,0x00000000d5c00000)
 ParOldGen       total 230400K, used 230041K [0x0000000080000000, 0x000000008e100000, 0x00000000d5580000)
  object space 230400K, 99% used [0x0000000080000000,0x000000008e0a6638,0x000000008e100000)
 Metaspace       used 57454K, committed 58880K, reserved 1114112K
  class space    used 6178K, committed 6848K, reserved 1048576K
}

