# JRE version: OpenJDK Runtime Environment Temurin-21.0.8+9 (21.0.8+9) (build 21.0.8+9-LTS)
# Java VM: OpenJDK 64-Bit Server VM Temurin-21.0.8+9 (21.0.8+9-LTS, mixed mode, sharing, tiered, compressed oops, compressed class ptrs, parallel gc, windows-amd64)
GC Precious Log:
 CardTable entry size: 512
 CPUs: 12 total, 12 available
 Memory: 7518M
 Large Page Support: Disabled
 NUMA Support: Disabled
 Compressed Oops: Enabled (32-bit)
 Alignments: Space 512K, Generation 512K, Heap 2M
 Heap Min Capacity: 100M
 Heap Initial Capacity: 100M
 Heap Max Capacity: 2G
 Pre-touch: Disabled
 Parallel Workers: 10
Heap:
 PSYoungGen      total 8192K, used 8163K [0x00000000d5580000, 0x00000000d6380000, 0x0000000100000000)
  eden space 6656K, 99% used [0x00000000d5580000,0x00000000d5bfffd8,0x00000000d5c00000)
  from space 1536K, 98% used [0x00000000d5f80000,0x00000000d60f9018,0x00000000d6100000)
  to   space 3584K, 44% used [0x00000000d5c00000,0x00000000d5d8c790,0x00000000d5f80000)
 ParOldGen       total 139776K, used 139273K [0x0000000080000000, 0x0000000088880000, 0x00000000d5580000)
  object space 139776K, 99% used [0x0000000080000000,0x00000000888025b0,0x0000000088880000)
 Metaspace       used 64788K, committed 66368K, reserved 1114112K
  class space    used 6907K, committed 7616K, reserved 1048576K
GC Heap History (20 events):
Event: 11.800 GC heap before
{Heap before GC invocations=68 (full 3):
 PSYoungGen      total 17408K, used 17119K [0x00000000d5580000, 0x00000000d6b00000, 0x0000000100000000)
  eden space 13824K, 100% used [0x00000000d5580000,0x00000000d6300000,0x00000000d6300000)
  from space 3584K, 91% used [0x00000000d6780000,0x00000000d6ab7e98,0x00000000d6b00000)
  to   space 3584K, 0% used [0x00000000d6400000,0x00000000d6400000,0x00000000d6780000)
 ParOldGen       total 110592K, used 110386K [0x0000000080000000, 0x0000000086c00000, 0x00000000d5580000)
  object space 110592K, 99% used [0x0000000080000000,0x0000000086bcc870,0x0000000086c00000)
 Metaspace       used 64420K, committed 65920K, reserved 1114112K
  class space    used 6878K, committed 7552K, reserved 1048576K
}
Event: 11.804 GC heap after
{Heap after GC invocations=68 (full 3):
 PSYoungGen      total 17408K, used 3299K [0x00000000d5580000, 0x00000000d6a00000, 0x0000000100000000)
  eden space 13824K, 0% used [0x00000000d5580000,0x00000000d5580000,0x00000000d6300000)
  from space 3584K, 92% used [0x00000000d6400000,0x00000000d6738f78,0x00000000d6780000)
  to   space 2560K, 0% used [0x00000000d6780000,0x00000000d6780000,0x00000000d6a00000)
 ParOldGen       total 113664K, used 113410K [0x0000000080000000, 0x0000000086f00000, 0x00000000d5580000)
  object space 113664K, 99% used [0x0000000080000000,0x0000000086ec08e8,0x0000000086f00000)
 Metaspace       used 64420K, committed 65920K, reserved 1114112K
  class space    used 6878K, committed 7552K, reserved 1048576K
}
Event: 11.844 GC heap before
{Heap before GC invocations=69 (full 3):
 PSYoungGen      total 17408K, used 17123K [0x00000000d5580000, 0x00000000d6a00000, 0x0000000100000000)
  eden space 13824K, 100% used [0x00000000d5580000,0x00000000d6300000,0x00000000d6300000)
  from space 3584K, 92% used [0x00000000d6400000,0x00000000d6738f78,0x00000000d6780000)
  to   space 2560K, 0% used [0x00000000d6780000,0x00000000d6780000,0x00000000d6a00000)
 ParOldGen       total 113664K, used 113410K [0x0000000080000000, 0x0000000086f00000, 0x00000000d5580000)
  object space 113664K, 99% used [0x0000000080000000,0x0000000086ec08e8,0x0000000086f00000)
 Metaspace       used 64553K, committed 66048K, reserved 1114112K
  class space    used 6892K, committed 7552K, reserved 1048576K
}
Event: 11.853 GC heap after
{Heap after GC invocations=69 (full 3):
 PSYoungGen      total 13824K, used 2557K [0x00000000d5580000, 0x00000000d7100000, 0x0000000100000000)
  eden space 11264K, 0% used [0x00000000d5580000,0x00000000d5580000,0x00000000d6080000)
  from space 2560K, 99% used [0x00000000d6780000,0x00000000d69ff570,0x00000000d6a00000)
  to   space 7168K, 0% used [0x00000000d6080000,0x00000000d6080000,0x00000000d6780000)
 ParOldGen       total 117248K, used 117072K [0x0000000080000000, 0x0000000087280000, 0x00000000d5580000)
  object space 117248K, 99% used [0x0000000080000000,0x0000000087254230,0x0000000087280000)
 Metaspace       used 64553K, committed 66048K, reserved 1114112K
  class space    used 6892K, committed 7552K, reserved 1048576K
}
Event: 11.878 GC heap before
{Heap before GC invocations=70 (full 3):
 PSYoungGen      total 13824K, used 13821K [0x00000000d5580000, 0x00000000d7100000, 0x0000000100000000)
  eden space 11264K, 100% used [0x00000000d5580000,0x00000000d6080000,0x00000000d6080000)
  from space 2560K, 99% used [0x00000000d6780000,0x00000000d69ff570,0x00000000d6a00000)
  to   space 7168K, 0% used [0x00000000d6080000,0x00000000d6080000,0x00000000d6780000)
 ParOldGen       total 117248K, used 117072K [0x0000000080000000, 0x0000000087280000, 0x00000000d5580000)
  object space 117248K, 99% used [0x0000000080000000,0x0000000087254230,0x0000000087280000)
 Metaspace       used 64673K, committed 66176K, reserved 1114112K
  class space    used 6900K, committed 7552K, reserved 1048576K
}
Event: 11.882 GC heap after
{Heap after GC invocations=70 (full 3):
 PSYoungGen      total 13824K, used 2532K [0x00000000d5580000, 0x00000000d6880000, 0x0000000100000000)
  eden space 11264K, 0% used [0x00000000d5580000,0x00000000d5580000,0x00000000d6080000)
  from space 2560K, 98% used [0x00000000d6080000,0x00000000d62f9230,0x00000000d6300000)
  to   space 4096K, 0% used [0x00000000d6480000,0x00000000d6480000,0x00000000d6880000)
 ParOldGen       total 119808K, used 119577K [0x0000000080000000, 0x0000000087500000, 0x00000000d5580000)
  object space 119808K, 99% used [0x0000000080000000,0x00000000874c65a8,0x0000000087500000)
 Metaspace       used 64673K, committed 66176K, reserved 1114112K
  class space    used 6900K, committed 7552K, reserved 1048576K
}
Event: 11.920 GC heap before
{Heap before GC invocations=71 (full 3):
 PSYoungGen      total 13824K, used 13370K [0x00000000d5580000, 0x00000000d6880000, 0x0000000100000000)
  eden space 11264K, 96% used [0x00000000d5580000,0x00000000d60156c8,0x00000000d6080000)
  from space 2560K, 98% used [0x00000000d6080000,0x00000000d62f9230,0x00000000d6300000)
  to   space 4096K, 0% used [0x00000000d6480000,0x00000000d6480000,0x00000000d6880000)
 ParOldGen       total 119808K, used 119577K [0x0000000080000000, 0x0000000087500000, 0x00000000d5580000)
  object space 119808K, 99% used [0x0000000080000000,0x00000000874c65a8,0x0000000087500000)
 Metaspace       used 64680K, committed 66176K, reserved 1114112K
  class space    used 6900K, committed 7552K, reserved 1048576K
}
Event: 11.930 GC heap after
{Heap after GC invocations=71 (full 3):
 PSYoungGen      total 11264K, used 4090K [0x00000000d5580000, 0x00000000d7080000, 0x0000000100000000)
  eden space 7168K, 0% used [0x00000000d5580000,0x00000000d5580000,0x00000000d5c80000)
  from space 4096K, 99% used [0x00000000d6480000,0x00000000d687eb90,0x00000000d6880000)
  to   space 8192K, 0% used [0x00000000d5c80000,0x00000000d5c80000,0x00000000d6480000)
 ParOldGen       total 122880K, used 122539K [0x0000000080000000, 0x0000000087800000, 0x00000000d5580000)
  object space 122880K, 99% used [0x0000000080000000,0x00000000877aac68,0x0000000087800000)
 Metaspace       used 64680K, committed 66176K, reserved 1114112K
  class space    used 6900K, committed 7552K, reserved 1048576K
}
Event: 11.961 GC heap before
{Heap before GC invocations=72 (full 3):
 PSYoungGen      total 11264K, used 11258K [0x00000000d5580000, 0x00000000d7080000, 0x0000000100000000)
  eden space 7168K, 100% used [0x00000000d5580000,0x00000000d5c80000,0x00000000d5c80000)
  from space 4096K, 99% used [0x00000000d6480000,0x00000000d687eb90,0x00000000d6880000)
  to   space 8192K, 0% used [0x00000000d5c80000,0x00000000d5c80000,0x00000000d6480000)
 ParOldGen       total 122880K, used 122539K [0x0000000080000000, 0x0000000087800000, 0x00000000d5580000)
  object space 122880K, 99% used [0x0000000080000000,0x00000000877aac68,0x0000000087800000)
 Metaspace       used 64681K, committed 66176K, reserved 1114112K
  class space    used 6900K, committed 7552K, reserved 1048576K
}
Event: 11.966 GC heap after
{Heap after GC invocations=72 (full 3):
 PSYoungGen      total 12800K, used 5242K [0x00000000d5580000, 0x00000000d6880000, 0x0000000100000000)
  eden space 7168K, 0% used [0x00000000d5580000,0x00000000d5580000,0x00000000d5c80000)
  from space 5632K, 93% used [0x00000000d5c80000,0x00000000d619eba8,0x00000000d6200000)
  to   space 6144K, 0% used [0x00000000d6280000,0x00000000d6280000,0x00000000d6880000)
 ParOldGen       total 126976K, used 126581K [0x0000000080000000, 0x0000000087c00000, 0x00000000d5580000)
  object space 126976K, 99% used [0x0000000080000000,0x0000000087b9d608,0x0000000087c00000)
 Metaspace       used 64681K, committed 66176K, reserved 1114112K
  class space    used 6900K, committed 7552K, reserved 1048576K
}
Event: 11.983 GC heap before
{Heap before GC invocations=73 (full 3):
 PSYoungGen      total 12800K, used 12410K [0x00000000d5580000, 0x00000000d6880000, 0x0000000100000000)
  eden space 7168K, 100% used [0x00000000d5580000,0x00000000d5c80000,0x00000000d5c80000)
  from space 5632K, 93% used [0x00000000d5c80000,0x00000000d619eba8,0x00000000d6200000)
  to   space 6144K, 0% used [0x00000000d6280000,0x00000000d6280000,0x00000000d6880000)
 ParOldGen       total 126976K, used 126581K [0x0000000080000000, 0x0000000087c00000, 0x00000000d5580000)
  object space 126976K, 99% used [0x0000000080000000,0x0000000087b9d608,0x0000000087c00000)
 Metaspace       used 64686K, committed 66176K, reserved 1114112K
  class space    used 6900K, committed 7552K, reserved 1048576K
}
Event: 11.988 GC heap after
{Heap after GC invocations=73 (full 3):
 PSYoungGen      total 9216K, used 2001K [0x00000000d5580000, 0x00000000d6480000, 0x0000000100000000)
  eden space 7168K, 0% used [0x00000000d5580000,0x00000000d5580000,0x00000000d5c80000)
  from space 2048K, 97% used [0x00000000d6280000,0x00000000d6474578,0x00000000d6480000)
  to   space 3584K, 0% used [0x00000000d5d80000,0x00000000d5d80000,0x00000000d6100000)
 ParOldGen       total 132096K, used 131614K [0x0000000080000000, 0x0000000088100000, 0x00000000d5580000)
  object space 132096K, 99% used [0x0000000080000000,0x00000000880878a8,0x0000000088100000)
 Metaspace       used 64686K, committed 66176K, reserved 1114112K
  class space    used 6900K, committed 7552K, reserved 1048576K
}
Event: 12.011 GC heap before
{Heap before GC invocations=74 (full 3):
 PSYoungGen      total 9216K, used 9169K [0x00000000d5580000, 0x00000000d6480000, 0x0000000100000000)
  eden space 7168K, 100% used [0x00000000d5580000,0x00000000d5c80000,0x00000000d5c80000)
  from space 2048K, 97% used [0x00000000d6280000,0x00000000d6474578,0x00000000d6480000)
  to   space 3584K, 0% used [0x00000000d5d80000,0x00000000d5d80000,0x00000000d6100000)
 ParOldGen       total 132096K, used 131614K [0x0000000080000000, 0x0000000088100000, 0x00000000d5580000)
  object space 132096K, 99% used [0x0000000080000000,0x00000000880878a8,0x0000000088100000)
 Metaspace       used 64703K, committed 66176K, reserved 1114112K
  class space    used 6900K, committed 7552K, reserved 1048576K
}
Event: 12.013 GC heap after
{Heap after GC invocations=74 (full 3):
 PSYoungGen      total 9216K, used 1787K [0x00000000d5580000, 0x00000000d6300000, 0x0000000100000000)
  eden space 7168K, 0% used [0x00000000d5580000,0x00000000d5580000,0x00000000d5c80000)
  from space 2048K, 87% used [0x00000000d5d80000,0x00000000d5f3ed88,0x00000000d5f80000)
  to   space 2560K, 0% used [0x00000000d6080000,0x00000000d6080000,0x00000000d6300000)
 ParOldGen       total 133632K, used 133412K [0x0000000080000000, 0x0000000088280000, 0x00000000d5580000)
  object space 133632K, 99% used [0x0000000080000000,0x0000000088249158,0x0000000088280000)
 Metaspace       used 64703K, committed 66176K, reserved 1114112K
  class space    used 6900K, committed 7552K, reserved 1048576K
}
Event: 12.036 GC heap before
{Heap before GC invocations=75 (full 3):
 PSYoungGen      total 9216K, used 8955K [0x00000000d5580000, 0x00000000d6300000, 0x0000000100000000)
  eden space 7168K, 100% used [0x00000000d5580000,0x00000000d5c80000,0x00000000d5c80000)
  from space 2048K, 87% used [0x00000000d5d80000,0x00000000d5f3ed88,0x00000000d5f80000)
  to   space 2560K, 0% used [0x00000000d6080000,0x00000000d6080000,0x00000000d6300000)
 ParOldGen       total 133632K, used 133412K [0x0000000080000000, 0x0000000088280000, 0x00000000d5580000)
  object space 133632K, 99% used [0x0000000080000000,0x0000000088249158,0x0000000088280000)
 Metaspace       used 64720K, committed 66240K, reserved 1114112K
  class space    used 6900K, committed 7552K, reserved 1048576K
}
Event: 12.038 GC heap after
{Heap after GC invocations=75 (full 3):
 PSYoungGen      total 9216K, used 1768K [0x00000000d5580000, 0x00000000d6280000, 0x0000000100000000)
  eden space 7168K, 0% used [0x00000000d5580000,0x00000000d5580000,0x00000000d5c80000)
  from space 2048K, 86% used [0x00000000d6080000,0x00000000d623a008,0x00000000d6280000)
  to   space 2048K, 0% used [0x00000000d5d80000,0x00000000d5d80000,0x00000000d5f80000)
 ParOldGen       total 135168K, used 134894K [0x0000000080000000, 0x0000000088400000, 0x00000000d5580000)
  object space 135168K, 99% used [0x0000000080000000,0x00000000883bb9d0,0x0000000088400000)
 Metaspace       used 64720K, committed 66240K, reserved 1114112K
  class space    used 6900K, committed 7552K, reserved 1048576K
}
Event: 12.062 GC heap before
{Heap before GC invocations=76 (full 3):
 PSYoungGen      total 9216K, used 8936K [0x00000000d5580000, 0x00000000d6280000, 0x0000000100000000)
  eden space 7168K, 100% used [0x00000000d5580000,0x00000000d5c80000,0x00000000d5c80000)
  from space 2048K, 86% used [0x00000000d6080000,0x00000000d623a008,0x00000000d6280000)
  to   space 2048K, 0% used [0x00000000d5d80000,0x00000000d5d80000,0x00000000d5f80000)
 ParOldGen       total 135168K, used 134894K [0x0000000080000000, 0x0000000088400000, 0x00000000d5580000)
  object space 135168K, 99% used [0x0000000080000000,0x00000000883bb9d0,0x0000000088400000)
 Metaspace       used 64722K, committed 66240K, reserved 1114112K
  class space    used 6900K, committed 7552K, reserved 1048576K
}
Event: 12.063 GC heap after
{Heap after GC invocations=76 (full 3):
 PSYoungGen      total 9216K, used 1835K [0x00000000d5580000, 0x00000000d6100000, 0x0000000100000000)
  eden space 7168K, 0% used [0x00000000d5580000,0x00000000d5580000,0x00000000d5c80000)
  from space 2048K, 89% used [0x00000000d5d80000,0x00000000d5f4ac28,0x00000000d5f80000)
  to   space 1536K, 0% used [0x00000000d5f80000,0x00000000d5f80000,0x00000000d6100000)
 ParOldGen       total 136704K, used 136497K [0x0000000080000000, 0x0000000088580000, 0x00000000d5580000)
  object space 136704K, 99% used [0x0000000080000000,0x000000008854c758,0x0000000088580000)
 Metaspace       used 64722K, committed 66240K, reserved 1114112K
  class space    used 6900K, committed 7552K, reserved 1048576K
}
Event: 12.090 GC heap before
{Heap before GC invocations=77 (full 3):
 PSYoungGen      total 9216K, used 9003K [0x00000000d5580000, 0x00000000d6100000, 0x0000000100000000)
  eden space 7168K, 100% used [0x00000000d5580000,0x00000000d5c80000,0x00000000d5c80000)
  from space 2048K, 89% used [0x00000000d5d80000,0x00000000d5f4ac28,0x00000000d5f80000)
  to   space 1536K, 0% used [0x00000000d5f80000,0x00000000d5f80000,0x00000000d6100000)
 ParOldGen       total 136704K, used 136497K [0x0000000080000000, 0x0000000088580000, 0x00000000d5580000)
  object space 136704K, 99% used [0x0000000080000000,0x000000008854c758,0x0000000088580000)
 Metaspace       used 64741K, committed 66240K, reserved 1114112K
  class space    used 6900K, committed 7552K, reserved 1048576K
}
Event: 12.092 GC heap after
{Heap after GC invocations=77 (full 3):
 PSYoungGen      total 8192K, used 1508K [0x00000000d5580000, 0x00000000d6380000, 0x0000000100000000)
  eden space 6656K, 0% used [0x00000000d5580000,0x00000000d5580000,0x00000000d5c00000)
  from space 1536K, 98% used [0x00000000d5f80000,0x00000000d60f9018,0x00000000d6100000)
  to   space 3584K, 0% used [0x00000000d5c00000,0x00000000d5c00000,0x00000000d5f80000)
 ParOldGen       total 138752K, used 138255K [0x0000000080000000, 0x0000000088780000, 0x00000000d5580000)
  object space 138752K, 99% used [0x0000000080000000,0x0000000088703c28,0x0000000088780000)
 Metaspace       used 64741K, committed 66240K, reserved 1114112K
  class space    used 6900K, committed 7552K, reserved 1048576K
}

